<?xml version="1.0" encoding="UTF-8"?>
<!-- Generated by org.testng.reporters.JUnitReportReporter -->
<testsuite hostname="LAPTOP-AA605SPC" failures="0" tests="3" name="TestScenarios.LoginTest" time="4.938" errors="0" timestamp="2024-07-16T19:54:46 IST" skipped="0">
  <testcase classname="TestScenarios.LoginTest" name="testOfInvalidLogin" time="1.768"/>
  <system-out/>
  <testcase classname="TestScenarios.LoginTest" name="testOfInvalidLogin" time="1.277"/>
  <system-out/>
  <testcase classname="TestScenarios.LoginTest" name="testOfValidLogin" time="1.893"/>
  <system-out/>
</testsuite> <!-- TestScenarios.LoginTest -->
