<?xml version="1.0" encoding="UTF-8"?>
<!-- Generated by org.testng.reporters.JUnitReportReporter -->
<testsuite hostname="LAPTOP-AA605SPC" failures="0" tests="1" name="TestScenarios.MakeAppointPageTest" time="1.233" errors="0" timestamp="2024-07-24T14:26:55 IST" skipped="0">
  <testcase classname="TestScenarios.MakeAppointPageTest" name="bookAppointment" time="1.233"/>
  <system-out/>
</testsuite> <!-- TestScenarios.MakeAppointPageTest -->
